#
# A fatal error has been detected by the Java Runtime Environment:
#
#  EXCEPTION_ACCESS_VIOLATION (0xc0000005) at pc=0x00000000640d718c, pid=20624, tid=0x0000000000001a34
#
# JRE version: Java(TM) SE Runtime Environment (8.0_251-b08) (build 1.8.0_251-b08)
# Java VM: Java HotSpot(TM) 64-Bit Server VM (25.251-b08 mixed mode windows-amd64 compressed oops)
# Problematic frame:
# V  [jvm.dll+0xf718c]
#
# Failed to write core dump. Minidumps are not enabled by default on client versions of Windows
#
# If you would like to submit a bug report, please visit:
#   http://bugreport.java.com/bugreport/crash.jsp
#

---------------  T H R E A D  ---------------

Current thread (0x0000000019e10800):  JavaThread "JDWP Transport Listener: dt_socket" daemon [_thread_in_vm, id=6708, stack(0x000000001b570000,0x000000001b670000)]

siginfo: ExceptionCode=0xc0000005, reading address 0x0000000000000010

Registers:
RAX=0x0000000000000000, RBX=0x0000000019e18f70, RCX=0x00000000000000ff, RDX=0x0000000000003da0
RSP=0x000000001b66eb38, RBP=0x0000000000000030, RSI=0x0000000021e7a028, RDI=0x0000000021e7a73d
R8 =0x0000000000000000, R9 =0x0000000000000000, R10=0x000000001b66ed20, R11=0x000000001b66ec80
R12=0x0000000000000003, R13=0x0000000019e10800, R14=0x00000007c02bbbb0, R15=0x0000000000000005
RIP=0x00000000640d718c, EFLAGS=0x0000000000010202

Top of Stack: (sp=0x000000001b66eb38)
0x000000001b66eb38:   00000000640a705e 0000000000000000
0x000000001b66eb48:   0000000021e7a028 0000000019e11de0
0x000000001b66eb58:   0000000019e12e00 000000001b66ec80
0x000000001b66eb68:   000000001b66ecc8 000000001b66ed00
0x000000001b66eb78:   0000000000000000 0000000000000000
0x000000001b66eb88:   0000000000003000 0000000000001c01
0x000000001b66eb98:   0000000000000009 0000000021e7a6e0
0x000000001b66eba8:   000000001b66ed20 00000000000000b3
0x000000001b66ebb8:   0000000021e7a738 000000001b66ed20
0x000000001b66ebc8:   0000000019e110b0 000000001b66ed20
0x000000001b66ebd8:   0000000019e10800 0000000000000001
0x000000001b66ebe8:   000000001b66ed10 0000000021e7a6e0
0x000000001b66ebf8:   000000001b66ed20 0000000019e11de0
0x000000001b66ec08:   00000000640a78d9 000000001b66ed20
0x000000001b66ec18:   0000000021e7a748 000000001b66ed00
0x000000001b66ec28:   000000001b66ec80 0000000019e110a0 

Instructions: (pc=0x00000000640d718c)
0x00000000640d716c:   5f c3 cc cc 48 63 c2 48 8b 44 c1 50 48 89 44 24
0x00000000640d717c:   08 48 8b 44 24 08 0f b6 c8 f6 d1 f6 c1 01 74 05
0x00000000640d718c:   48 8b 40 10 c3 48 83 e0 fe c3 cc cc cc cc cc cc
0x00000000640d719c:   cc cc cc cc 48 89 54 24 10 49 63 c0 48 8b 44 c1 


Register to memory mapping:

RAX=0x0000000000000000 is an unknown value
RBX=0x0000000019e18f70 is an unknown value
RCX=0x00000000000000ff is an unknown value
RDX=0x0000000000003da0 is an unknown value
RSP=0x000000001b66eb38 is pointing into the stack for thread: 0x0000000019e10800
RBP=0x0000000000000030 is an unknown value
RSI=0x0000000021e7a028 is pointing into metadata
RDI=0x0000000021e7a73d is pointing into metadata
R8 =0x0000000000000000 is an unknown value
R9 =0x0000000000000000 is an unknown value
R10=0x000000001b66ed20 is pointing into the stack for thread: 0x0000000019e10800
R11=0x000000001b66ec80 is pointing into the stack for thread: 0x0000000019e10800
R12=0x0000000000000003 is an unknown value
R13=0x0000000019e10800 is a thread
R14=0x00000007c02bbbb0 is pointing into metadata
R15=0x0000000000000005 is an unknown value


Stack: [0x000000001b570000,0x000000001b670000],  sp=0x000000001b66eb38,  free space=1018k
Native frames: (J=compiled Java code, j=interpreted, Vv=VM code, C=native code)
V  [jvm.dll+0xf718c]


---------------  P R O C E S S  ---------------

Java Threads: ( => current thread )
  0x000000001bd9d800 JavaThread "http-nio-8080-AsyncTimeout" daemon [_thread_blocked, id=12016, stack(0x0000000022cf0000,0x0000000022df0000)]
  0x000000001bda0800 JavaThread "http-nio-8080-Acceptor-0" daemon [_thread_in_native, id=20872, stack(0x0000000022bf0000,0x0000000022cf0000)]
  0x000000001bd9c000 JavaThread "http-nio-8080-ClientPoller-1" daemon [_thread_in_native, id=25380, stack(0x0000000022af0000,0x0000000022bf0000)]
  0x0000000020023800 JavaThread "http-nio-8080-ClientPoller-0" daemon [_thread_in_native, id=11772, stack(0x00000000229f0000,0x0000000022af0000)]
  0x0000000020022000 JavaThread "http-nio-8080-exec-10" daemon [_thread_blocked, id=616, stack(0x00000000228f0000,0x00000000229f0000)]
  0x0000000020020800 JavaThread "http-nio-8080-exec-9" daemon [_thread_blocked, id=24840, stack(0x00000000227f0000,0x00000000228f0000)]
  0x0000000020020000 JavaThread "http-nio-8080-exec-8" daemon [_thread_blocked, id=6000, stack(0x00000000225f0000,0x00000000226f0000)]
  0x0000000020021800 JavaThread "http-nio-8080-exec-7" daemon [_thread_blocked, id=17228, stack(0x00000000224f0000,0x00000000225f0000)]
  0x0000000020023000 JavaThread "http-nio-8080-exec-6" daemon [_thread_blocked, id=20932, stack(0x00000000223f0000,0x00000000224f0000)]
  0x0000000020024800 JavaThread "http-nio-8080-exec-5" daemon [_thread_blocked, id=12528, stack(0x00000000222f0000,0x00000000223f0000)]
  0x0000000020018800 JavaThread "http-nio-8080-exec-4" daemon [_thread_blocked, id=12552, stack(0x00000000221f0000,0x00000000222f0000)]
  0x000000002001f000 JavaThread "http-nio-8080-exec-3" daemon [_thread_blocked, id=21324, stack(0x00000000220f0000,0x00000000221f0000)]
  0x000000002001e800 JavaThread "http-nio-8080-exec-2" daemon [_thread_blocked, id=19976, stack(0x0000000021ff0000,0x00000000220f0000)]
  0x000000002001d800 JavaThread "http-nio-8080-exec-1" daemon [_thread_blocked, id=11868, stack(0x0000000021ef0000,0x0000000021ff0000)]
  0x0000000020015800 JavaThread "NioBlockingSelector.BlockPoller-2" daemon [_thread_in_native, id=14892, stack(0x0000000021af0000,0x0000000021bf0000)]
  0x000000002001a800 JavaThread "File Watcher" daemon [_thread_blocked, id=17712, stack(0x00000000219f0000,0x0000000021af0000)]
  0x0000000020017800 JavaThread "container-0" [_thread_blocked, id=5652, stack(0x00000000214f0000,0x00000000215f0000)]
  0x000000002001c000 JavaThread "ContainerBackgroundProcessor[StandardEngine[Tomcat]]" daemon [_thread_blocked, id=18028, stack(0x00000000212f0000,0x00000000213f0000)]
  0x0000000020017000 JavaThread "Tomcat JDBC Pool Cleaner[414493378:1596593282641]" daemon [_thread_blocked, id=23880, stack(0x000000001f720000,0x000000001f820000)]
  0x000000002001d000 JavaThread "DestroyJavaVM" [_thread_blocked, id=6944, stack(0x0000000002950000,0x0000000002a50000)]
  0x000000001bd9b800 JavaThread "Live Reload Server" daemon [_thread_in_native, id=18564, stack(0x0000000021bf0000,0x0000000021cf0000)]
  0x000000001debb800 JavaThread "Abandoned connection cleanup thread" daemon [_thread_blocked, id=21052, stack(0x000000001f820000,0x000000001f920000)]
  0x000000001c356000 JavaThread "RMI TCP Accept-0" daemon [_thread_in_native, id=4092, stack(0x000000001cdf0000,0x000000001cef0000)]
  0x000000001c2eb800 JavaThread "RMI TCP Accept-52602" daemon [_thread_in_native, id=12172, stack(0x000000001ccf0000,0x000000001cdf0000)]
  0x000000001c2de000 JavaThread "RMI TCP Accept-0" daemon [_thread_in_native, id=3004, stack(0x000000001cbf0000,0x000000001ccf0000)]
  0x000000001c077800 JavaThread "Service Thread" daemon [_thread_blocked, id=20052, stack(0x000000001caf0000,0x000000001cbf0000)]
  0x000000001bfe9800 JavaThread "C1 CompilerThread2" daemon [_thread_blocked, id=2088, stack(0x000000001c9f0000,0x000000001caf0000)]
  0x000000001bfe8800 JavaThread "C2 CompilerThread1" daemon [_thread_blocked, id=12220, stack(0x000000001c8f0000,0x000000001c9f0000)]
  0x000000001bfe8000 JavaThread "C2 CompilerThread0" daemon [_thread_blocked, id=22940, stack(0x000000001c7f0000,0x000000001c8f0000)]
  0x0000000019e1f800 JavaThread "JDWP Command Reader" daemon [_thread_in_native, id=6828, stack(0x000000001baf0000,0x000000001bbf0000)]
  0x0000000019e1c000 JavaThread "JDWP Event Helper Thread" daemon [_thread_blocked, id=16376, stack(0x000000001b9f0000,0x000000001baf0000)]
=>0x0000000019e10800 JavaThread "JDWP Transport Listener: dt_socket" daemon [_thread_in_vm, id=6708, stack(0x000000001b570000,0x000000001b670000)]
  0x0000000019e08000 JavaThread "Attach Listener" daemon [_thread_blocked, id=20956, stack(0x000000001b370000,0x000000001b470000)]
  0x0000000019e05000 JavaThread "Signal Dispatcher" daemon [_thread_blocked, id=19968, stack(0x000000001b270000,0x000000001b370000)]
  0x0000000019df0000 JavaThread "Finalizer" daemon [_thread_blocked, id=24604, stack(0x000000001b060000,0x000000001b160000)]
  0x0000000019dc9000 JavaThread "Reference Handler" daemon [_thread_blocked, id=21356, stack(0x000000001af60000,0x000000001b060000)]

Other Threads:
  0x0000000019dc7800 VMThread [stack: 0x000000001ae60000,0x000000001af60000] [id=13244]
  0x000000001c359000 WatcherThread [stack: 0x000000001cef0000,0x000000001cff0000] [id=20048]

VM state:not at safepoint (normal execution)

VM Mutex/Monitor currently owned by a thread: None

heap address: 0x0000000701400000, size: 3052 MB, Compressed Oops mode: Zero based, Oop shift amount: 3
Narrow klass base: 0x0000000000000000, Narrow klass shift: 3
Compressed class space size: 1073741824 Address: 0x00000007c0000000

Heap:
 PSYoungGen      total 391168K, used 115761K [0x0000000780700000, 0x000000079f180000, 0x00000007c0000000)
  eden space 373248K, 27% used [0x0000000780700000,0x0000000786b484f0,0x0000000797380000)
  from space 17920K, 72% used [0x0000000798800000,0x00000007994c3f50,0x0000000799980000)
  to   space 20992K, 0% used [0x0000000797380000,0x0000000797380000,0x0000000798800000)
 ParOldGen       total 138240K, used 31798K [0x0000000701400000, 0x0000000709b00000, 0x0000000780700000)
  object space 138240K, 23% used [0x0000000701400000,0x000000070330db00,0x0000000709b00000)
 Metaspace       used 48341K, capacity 49080K, committed 49448K, reserved 1091584K
  class space    used 6472K, capacity 6620K, committed 6704K, reserved 1048576K

Card table byte_map: [0x0000000012100000,0x0000000012700000] byte_map_base: 0x000000000e8f6000

Marking Bits: (ParMarkBitMap*) 0x000000006480af90
 Begin Bits: [0x0000000012f00000, 0x0000000015eb0000)
 End Bits:   [0x0000000015eb0000, 0x0000000018e60000)

Polling page: 0x0000000000f70000

CodeCache: size=245760Kb used=12389Kb max_used=12389Kb free=233370Kb
 bounds [0x0000000002d40000, 0x0000000003960000, 0x0000000011d40000]
 total_blobs=6353 nmethods=5797 adapters=475
 compilation: enabled

Compilation events (10 events):
Event: 289.472 Thread 0x000000001bfe9800 5895  s    1       org.apache.tomcat.util.collections.SynchronizedQueue::size (23 bytes)
Event: 289.473 Thread 0x000000001bfe9800 nmethod 5895 0x0000000003959a50 code [0x0000000003959ba0, 0x0000000003959e30]
Event: 297.123 Thread 0x000000001bfe9800 5896       1       org.springframework.boot.devtools.filewatch.FolderSnapshot::<init> (58 bytes)
Event: 297.126 Thread 0x000000001bfe9800 nmethod 5896 0x0000000003959ed0 code [0x000000000395a0c0, 0x000000000395a628]
Event: 299.212 Thread 0x000000001bfe9800 5897       1       org.springframework.boot.devtools.filewatch.FileSystemWatcher$Watcher::getCurrentSnapshots (63 bytes)
Event: 299.214 Thread 0x000000001bfe9800 nmethod 5897 0x000000000395aa50 code [0x000000000395ac20, 0x000000000395b018]
Event: 299.658 Thread 0x000000001bfe9800 5898       1       org.springframework.boot.devtools.filewatch.FileSystemWatcher$Watcher::scan (63 bytes)
Event: 299.659 Thread 0x000000001bfe9800 nmethod 5898 0x000000000395b450 code [0x000000000395b600, 0x000000000395b868]
Event: 336.447 Thread 0x000000001bfe9800 5899       1       java.util.TaskQueue::isEmpty (13 bytes)
Event: 336.447 Thread 0x000000001bfe9800 nmethod 5899 0x000000000395b9d0 code [0x000000000395bb20, 0x000000000395bc50]

GC Heap History (10 events):
Event: 14.161 GC heap before
{Heap before GC invocations=11 (full 2):
 PSYoungGen      total 310784K, used 17388K [0x0000000780700000, 0x000000079a700000, 0x00000007c0000000)
  eden space 293376K, 0% used [0x0000000780700000,0x0000000780700000,0x0000000792580000)
  from space 17408K, 99% used [0x0000000792580000,0x000000079367b1c0,0x0000000793680000)
  to   space 19968K, 0% used [0x0000000799380000,0x0000000799380000,0x000000079a700000)
 ParOldGen       total 82944K, used 14646K [0x0000000701400000, 0x0000000706500000, 0x0000000780700000)
  object space 82944K, 17% used [0x0000000701400000,0x000000070224db88,0x0000000706500000)
 Metaspace       used 34768K, capacity 35204K, committed 35496K, reserved 1079296K
  class space    used 4574K, capacity 4695K, committed 4784K, reserved 1048576K
Event: 14.315 GC heap after
Heap after GC invocations=11 (full 2):
 PSYoungGen      total 310784K, used 0K [0x0000000780700000, 0x000000079a700000, 0x00000007c0000000)
  eden space 293376K, 0% used [0x0000000780700000,0x0000000780700000,0x0000000792580000)
  from space 17408K, 0% used [0x0000000792580000,0x0000000792580000,0x0000000793680000)
  to   space 19968K, 0% used [0x0000000799380000,0x0000000799380000,0x000000079a700000)
 ParOldGen       total 138240K, used 26562K [0x0000000701400000, 0x0000000709b00000, 0x0000000780700000)
  object space 138240K, 19% used [0x0000000701400000,0x0000000702df0a18,0x0000000709b00000)
 Metaspace       used 34768K, capacity 35204K, committed 35496K, reserved 1079296K
  class space    used 4574K, capacity 4695K, committed 4784K, reserved 1048576K
}
Event: 19.788 GC heap before
{Heap before GC invocations=12 (full 2):
 PSYoungGen      total 310784K, used 293376K [0x0000000780700000, 0x000000079a700000, 0x00000007c0000000)
  eden space 293376K, 100% used [0x0000000780700000,0x0000000792580000,0x0000000792580000)
  from space 17408K, 0% used [0x0000000792580000,0x0000000792580000,0x0000000793680000)
  to   space 19968K, 0% used [0x0000000799380000,0x0000000799380000,0x000000079a700000)
 ParOldGen       total 138240K, used 26562K [0x0000000701400000, 0x0000000709b00000, 0x0000000780700000)
  object space 138240K, 19% used [0x0000000701400000,0x0000000702df0a18,0x0000000709b00000)
 Metaspace       used 43518K, capacity 44154K, committed 44584K, reserved 1087488K
  class space    used 5770K, capacity 5920K, committed 5936K, reserved 1048576K
Event: 19.816 GC heap after
Heap after GC invocations=12 (full 2):
 PSYoungGen      total 384000K, used 14515K [0x0000000780700000, 0x000000079a200000, 0x00000007c0000000)
  eden space 369152K, 0% used [0x0000000780700000,0x0000000780700000,0x0000000796f80000)
  from space 14848K, 97% used [0x0000000799380000,0x000000079a1acd30,0x000000079a200000)
  to   space 20992K, 0% used [0x0000000797900000,0x0000000797900000,0x0000000798d80000)
 ParOldGen       total 138240K, used 26570K [0x0000000701400000, 0x0000000709b00000, 0x0000000780700000)
  object space 138240K, 19% used [0x0000000701400000,0x0000000702df2a18,0x0000000709b00000)
 Metaspace       used 43518K, capacity 44154K, committed 44584K, reserved 1087488K
  class space    used 5770K, capacity 5920K, committed 5936K, reserved 1048576K
}
Event: 81.743 GC heap before
{Heap before GC invocations=13 (full 2):
 PSYoungGen      total 384000K, used 345692K [0x0000000780700000, 0x000000079a200000, 0x00000007c0000000)
  eden space 369152K, 89% used [0x0000000780700000,0x0000000794a6a468,0x0000000796f80000)
  from space 14848K, 97% used [0x0000000799380000,0x000000079a1acd30,0x000000079a200000)
  to   space 20992K, 0% used [0x0000000797900000,0x0000000797900000,0x0000000798d80000)
 ParOldGen       total 138240K, used 26570K [0x0000000701400000, 0x0000000709b00000, 0x0000000780700000)
  object space 138240K, 19% used [0x0000000701400000,0x0000000702df2a18,0x0000000709b00000)
 Metaspace       used 47765K, capacity 48370K, committed 48808K, reserved 1091584K
  class space    used 6412K, capacity 6545K, committed 6576K, reserved 1048576K
Event: 81.778 GC heap after
Heap after GC invocations=13 (full 2):
 PSYoungGen      total 384512K, used 15109K [0x0000000780700000, 0x0000000799980000, 0x00000007c0000000)
  eden space 369152K, 0% used [0x0000000780700000,0x0000000780700000,0x0000000796f80000)
  from space 15360K, 98% used [0x0000000797900000,0x00000007987c14b8,0x0000000798800000)
  to   space 17920K, 0% used [0x0000000798800000,0x0000000798800000,0x0000000799980000)
 ParOldGen       total 138240K, used 26578K [0x0000000701400000, 0x0000000709b00000, 0x0000000780700000)
  object space 138240K, 19% used [0x0000000701400000,0x0000000702df4a18,0x0000000709b00000)
 Metaspace       used 47765K, capacity 48370K, committed 48808K, reserved 1091584K
  class space    used 6412K, capacity 6545K, committed 6576K, reserved 1048576K
}
Event: 81.778 GC heap before
{Heap before GC invocations=14 (full 3):
 PSYoungGen      total 384512K, used 15109K [0x0000000780700000, 0x0000000799980000, 0x00000007c0000000)
  eden space 369152K, 0% used [0x0000000780700000,0x0000000780700000,0x0000000796f80000)
  from space 15360K, 98% used [0x0000000797900000,0x00000007987c14b8,0x0000000798800000)
  to   space 17920K, 0% used [0x0000000798800000,0x0000000798800000,0x0000000799980000)
 ParOldGen       total 138240K, used 26578K [0x0000000701400000, 0x0000000709b00000, 0x0000000780700000)
  object space 138240K, 19% used [0x0000000701400000,0x0000000702df4a18,0x0000000709b00000)
 Metaspace       used 47765K, capacity 48370K, committed 48808K, reserved 1091584K
  class space    used 6412K, capacity 6545K, committed 6576K, reserved 1048576K
Event: 82.085 GC heap after
Heap after GC invocations=14 (full 3):
 PSYoungGen      total 384512K, used 0K [0x0000000780700000, 0x0000000799980000, 0x00000007c0000000)
  eden space 369152K, 0% used [0x0000000780700000,0x0000000780700000,0x0000000796f80000)
  from space 15360K, 0% used [0x0000000797900000,0x0000000797900000,0x0000000798800000)
  to   space 17920K, 0% used [0x0000000798800000,0x0000000798800000,0x0000000799980000)
 ParOldGen       total 138240K, used 31790K [0x0000000701400000, 0x0000000709b00000, 0x0000000780700000)
  object space 138240K, 22% used [0x0000000701400000,0x000000070330bb00,0x0000000709b00000)
 Metaspace       used 47761K, capacity 48364K, committed 48808K, reserved 1091584K
  class space    used 6412K, capacity 6544K, committed 6576K, reserved 1048576K
}
Event: 89.433 GC heap before
{Heap before GC invocations=15 (full 3):
 PSYoungGen      total 384512K, used 369152K [0x0000000780700000, 0x0000000799980000, 0x00000007c0000000)
  eden space 369152K, 100% used [0x0000000780700000,0x0000000796f80000,0x0000000796f80000)
  from space 15360K, 0% used [0x0000000797900000,0x0000000797900000,0x0000000798800000)
  to   space 17920K, 0% used [0x0000000798800000,0x0000000798800000,0x0000000799980000)
 ParOldGen       total 138240K, used 31790K [0x0000000701400000, 0x0000000709b00000, 0x0000000780700000)
  object space 138240K, 22% used [0x0000000701400000,0x000000070330bb00,0x0000000709b00000)
 Metaspace       used 48315K, capacity 48998K, committed 49448K, reserved 1091584K
  class space    used 6470K, capacity 6617K, committed 6704K, reserved 1048576K
Event: 89.501 GC heap after
Heap after GC invocations=15 (full 3):
 PSYoungGen      total 391168K, used 13071K [0x0000000780700000, 0x000000079f180000, 0x00000007c0000000)
  eden space 373248K, 0% used [0x0000000780700000,0x0000000780700000,0x0000000797380000)
  from space 17920K, 72% used [0x0000000798800000,0x00000007994c3f50,0x0000000799980000)
  to   space 20992K, 0% used [0x0000000797380000,0x0000000797380000,0x0000000798800000)
 ParOldGen       total 138240K, used 31798K [0x0000000701400000, 0x0000000709b00000, 0x0000000780700000)
  object space 138240K, 23% used [0x0000000701400000,0x000000070330db00,0x0000000709b00000)
 Metaspace       used 48315K, capacity 48998K, committed 49448K, reserved 1091584K
  class space    used 6470K, capacity 6617K, committed 6704K, reserved 1048576K
}

Deoptimization events (0 events):
No events

Classes redefined (1 events):
Event: 80.023 Thread 0x0000000019dc7800 redefined class name=com.bip.api.security.controllers.AuthenticationController, count=1

Internal exceptions (10 events):
Event: 91.358 Thread 0x0000000020019000 Exception <a 'java/lang/ArrayIndexOutOfBoundsException'> (0x00000007842a5420) thrown at [C:\jenkins\workspace\8-2-build-windows-amd64-cygwin\jdk8u251\737\hotspot\src\share\vm\runtime\sharedRuntime.cpp, line 605]
Event: 91.358 Thread 0x0000000020019000 Exception <a 'java/lang/ArrayIndexOutOfBoundsException'> (0x00000007842a8088) thrown at [C:\jenkins\workspace\8-2-build-windows-amd64-cygwin\jdk8u251\737\hotspot\src\share\vm\runtime\sharedRuntime.cpp, line 605]
Event: 91.358 Thread 0x0000000020019000 Exception <a 'java/lang/ArrayIndexOutOfBoundsException'> (0x00000007842aa988) thrown at [C:\jenkins\workspace\8-2-build-windows-amd64-cygwin\jdk8u251\737\hotspot\src\share\vm\runtime\sharedRuntime.cpp, line 605]
Event: 91.358 Thread 0x0000000020019000 Exception <a 'java/lang/ArrayIndexOutOfBoundsException'> (0x00000007842ae138) thrown at [C:\jenkins\workspace\8-2-build-windows-amd64-cygwin\jdk8u251\737\hotspot\src\share\vm\runtime\sharedRuntime.cpp, line 605]
Event: 91.358 Thread 0x0000000020019000 Exception <a 'java/lang/ArrayIndexOutOfBoundsException'> (0x00000007842b1838) thrown at [C:\jenkins\workspace\8-2-build-windows-amd64-cygwin\jdk8u251\737\hotspot\src\share\vm\runtime\sharedRuntime.cpp, line 605]
Event: 91.359 Thread 0x0000000020019000 Exception <a 'java/lang/ArrayIndexOutOfBoundsException'> (0x00000007842b7d00) thrown at [C:\jenkins\workspace\8-2-build-windows-amd64-cygwin\jdk8u251\737\hotspot\src\share\vm\runtime\sharedRuntime.cpp, line 605]
Event: 91.359 Thread 0x0000000020019000 Exception <a 'java/lang/ArrayIndexOutOfBoundsException'> (0x00000007842ba968) thrown at [C:\jenkins\workspace\8-2-build-windows-amd64-cygwin\jdk8u251\737\hotspot\src\share\vm\runtime\sharedRuntime.cpp, line 605]
Event: 91.359 Thread 0x0000000020019000 Exception <a 'java/lang/ArrayIndexOutOfBoundsException'> (0x00000007842bd268) thrown at [C:\jenkins\workspace\8-2-build-windows-amd64-cygwin\jdk8u251\737\hotspot\src\share\vm\runtime\sharedRuntime.cpp, line 605]
Event: 91.359 Thread 0x0000000020019000 Exception <a 'java/lang/ArrayIndexOutOfBoundsException'> (0x00000007842c0a18) thrown at [C:\jenkins\workspace\8-2-build-windows-amd64-cygwin\jdk8u251\737\hotspot\src\share\vm\runtime\sharedRuntime.cpp, line 605]
Event: 91.360 Thread 0x0000000020019000 Exception <a 'java/lang/ArrayIndexOutOfBoundsException'> (0x00000007842c4118) thrown at [C:\jenkins\workspace\8-2-build-windows-amd64-cygwin\jdk8u251\737\hotspot\src\share\vm\runtime\sharedRuntime.cpp, line 605]

Events (10 events):
Event: 353.982 Thread 0x0000000019e10800 DEOPT PACKING pc=0x000000000308f864 sp=0x000000001b66d720
Event: 353.982 Thread 0x0000000019e10800 DEOPT UNPACKING pc=0x0000000002d87890 sp=0x000000001b66d4b0 mode 1
Event: 353.982 Thread 0x0000000019e10800 DEOPT PACKING pc=0x0000000002f68464 sp=0x000000001b66d800
Event: 353.982 Thread 0x0000000019e10800 DEOPT UNPACKING pc=0x0000000002d87890 sp=0x000000001b66d678 mode 1
Event: 353.982 Thread 0x0000000019e10800 DEOPT PACKING pc=0x0000000002fb995c sp=0x000000001b66da50
Event: 353.982 Thread 0x0000000019e10800 DEOPT UNPACKING pc=0x0000000002d87890 sp=0x000000001b66d948 mode 1
Event: 353.982 Thread 0x0000000019e10800 DEOPT PACKING pc=0x000000000300ad74 sp=0x000000001b66dd50
Event: 353.982 Thread 0x0000000019e10800 DEOPT UNPACKING pc=0x0000000002d87890 sp=0x000000001b66da70 mode 1
Event: 353.982 Thread 0x0000000019e10800 DEOPT PACKING pc=0x0000000002e72384 sp=0x000000001b66de10
Event: 353.982 Thread 0x0000000019e10800 DEOPT UNPACKING pc=0x0000000002d87890 sp=0x000000001b66db88 mode 1


Dynamic libraries:
0x00007ff77d4a0000 - 0x00007ff77d4d7000 	C:\Program Files (x86)\Java\jre1.8.0_251\bin\javaw.exe
0x00007ffd79560000 - 0x00007ffd79750000 	C:\WINDOWS\SYSTEM32\ntdll.dll
0x00007ffd77dd0000 - 0x00007ffd77e82000 	C:\WINDOWS\System32\KERNEL32.DLL
0x00007ffd76730000 - 0x00007ffd769d4000 	C:\WINDOWS\System32\KERNELBASE.dll
0x00007ffd79020000 - 0x00007ffd790c3000 	C:\WINDOWS\System32\ADVAPI32.dll
0x00007ffd776b0000 - 0x00007ffd7774e000 	C:\WINDOWS\System32\msvcrt.dll
0x00007ffd77610000 - 0x00007ffd776a7000 	C:\WINDOWS\System32\sechost.dll
0x00007ffd792b0000 - 0x00007ffd793d0000 	C:\WINDOWS\System32\RPCRT4.dll
0x00007ffd781c0000 - 0x00007ffd78354000 	C:\WINDOWS\System32\USER32.dll
0x00007ffd76c20000 - 0x00007ffd76c41000 	C:\WINDOWS\System32\win32u.dll
0x00007ffd77da0000 - 0x00007ffd77dc6000 	C:\WINDOWS\System32\GDI32.dll
0x00007ffd76a80000 - 0x00007ffd76c16000 	C:\WINDOWS\System32\gdi32full.dll
0x00007ffd769e0000 - 0x00007ffd76a7e000 	C:\WINDOWS\System32\msvcp_win.dll
0x00007ffd76c50000 - 0x00007ffd76d4a000 	C:\WINDOWS\System32\ucrtbase.dll
0x00007ffd6c7c0000 - 0x00007ffd6ca44000 	C:\WINDOWS\WinSxS\amd64_microsoft.windows.common-controls_6595b64144ccf1df_6.0.18362.959_none_e6c7bbbf130c62bb\COMCTL32.dll
0x00007ffd77980000 - 0x00007ffd77cb5000 	C:\WINDOWS\System32\combase.dll
0x00007ffd766b0000 - 0x00007ffd76730000 	C:\WINDOWS\System32\bcryptPrimitives.dll
0x00007ffd78190000 - 0x00007ffd781be000 	C:\WINDOWS\System32\IMM32.DLL
0x0000000063f00000 - 0x0000000063fd2000 	C:\Program Files (x86)\Java\jre1.8.0_251\bin\msvcr100.dll
0x0000000063fe0000 - 0x000000006488b000 	C:\Program Files (x86)\Java\jre1.8.0_251\bin\server\jvm.dll
0x00007ffd788a0000 - 0x00007ffd788a8000 	C:\WINDOWS\System32\PSAPI.DLL
0x00007ffd70850000 - 0x00007ffd70859000 	C:\WINDOWS\SYSTEM32\WSOCK32.dll
0x00007ffd793d0000 - 0x00007ffd7943f000 	C:\WINDOWS\System32\WS2_32.dll
0x00007ffd6dbb0000 - 0x00007ffd6dbd4000 	C:\WINDOWS\SYSTEM32\WINMM.dll
0x00007ffd6ea10000 - 0x00007ffd6ea1a000 	C:\WINDOWS\SYSTEM32\VERSION.dll
0x00007ffd6d960000 - 0x00007ffd6d98d000 	C:\WINDOWS\SYSTEM32\WINMMBASE.dll
0x00007ffd775c0000 - 0x00007ffd7760a000 	C:\WINDOWS\System32\cfgmgr32.dll
0x00007ffd70840000 - 0x00007ffd7084f000 	C:\Program Files (x86)\Java\jre1.8.0_251\bin\verify.dll
0x00007ffd5c1c0000 - 0x00007ffd5c1e9000 	C:\Program Files (x86)\Java\jre1.8.0_251\bin\java.dll
0x00007ffd553b0000 - 0x00007ffd553e5000 	C:\Program Files (x86)\Java\jre1.8.0_251\bin\jdwp.dll
0x00007ffd5e3a0000 - 0x00007ffd5e3a8000 	C:\Program Files (x86)\Java\jre1.8.0_251\bin\npt.dll
0x00007ffd54fe0000 - 0x00007ffd55003000 	C:\Program Files (x86)\Java\jre1.8.0_251\bin\instrument.dll
0x00007ffd5e230000 - 0x00007ffd5e246000 	C:\Program Files (x86)\Java\jre1.8.0_251\bin\zip.dll
0x00007ffd78930000 - 0x00007ffd79016000 	C:\WINDOWS\System32\SHELL32.dll
0x00007ffd790d0000 - 0x00007ffd79179000 	C:\WINDOWS\System32\shcore.dll
0x00007ffd76d50000 - 0x00007ffd774d2000 	C:\WINDOWS\System32\windows.storage.dll
0x00007ffd76440000 - 0x00007ffd76463000 	C:\WINDOWS\System32\profapi.dll
0x00007ffd76470000 - 0x00007ffd764ba000 	C:\WINDOWS\System32\powrprof.dll
0x00007ffd76410000 - 0x00007ffd76420000 	C:\WINDOWS\System32\UMPDC.dll
0x00007ffd79440000 - 0x00007ffd79492000 	C:\WINDOWS\System32\shlwapi.dll
0x00007ffd76420000 - 0x00007ffd76431000 	C:\WINDOWS\System32\kernel.appcore.dll
0x00007ffd76540000 - 0x00007ffd76557000 	C:\WINDOWS\System32\cryptsp.dll
0x00007ffd5e390000 - 0x00007ffd5e399000 	C:\Program Files (x86)\Java\jre1.8.0_251\bin\dt_socket.dll
0x00007ffd6a1c0000 - 0x00007ffd6a1d6000 	C:\WINDOWS\system32\napinsp.dll
0x00007ffd6a140000 - 0x00007ffd6a15a000 	C:\WINDOWS\system32\pnrpnsp.dll
0x00007ffd72580000 - 0x00007ffd72595000 	C:\WINDOWS\system32\wshbth.dll
0x00007ffd70d80000 - 0x00007ffd70d9c000 	C:\WINDOWS\system32\NLAapi.dll
0x00007ffd75930000 - 0x00007ffd7596a000 	C:\WINDOWS\SYSTEM32\IPHLPAPI.DLL
0x00007ffd75c20000 - 0x00007ffd75c87000 	C:\WINDOWS\System32\mswsock.dll
0x00007ffd759c0000 - 0x00007ffd75a8b000 	C:\WINDOWS\SYSTEM32\DNSAPI.dll
0x00007ffd77cc0000 - 0x00007ffd77cc8000 	C:\WINDOWS\System32\NSI.dll
0x00007ffd6a130000 - 0x00007ffd6a13e000 	C:\WINDOWS\System32\winrnr.dll
0x0000000065000000 - 0x0000000065035000 	C:\Program Files\Bonjour\mdnsNSP.dll
0x00007ffd6d270000 - 0x00007ffd6d2e7000 	C:\WINDOWS\System32\fwpuclnt.dll
0x00007ffd774e0000 - 0x00007ffd77506000 	C:\WINDOWS\System32\bcrypt.dll
0x00007ffd6cd40000 - 0x00007ffd6cd4a000 	C:\Windows\System32\rasadhlp.dll
0x00007ffd5e0d0000 - 0x00007ffd5e0dd000 	C:\Program Files (x86)\Java\jre1.8.0_251\bin\management.dll
0x00007ffd5e050000 - 0x00007ffd5e06a000 	C:\Program Files (x86)\Java\jre1.8.0_251\bin\net.dll
0x00007ffd5c2f0000 - 0x00007ffd5c302000 	C:\Program Files (x86)\Java\jre1.8.0_251\bin\nio.dll
0x00007ffd75790000 - 0x00007ffd757c3000 	C:\WINDOWS\system32\rsaenh.dll
0x00007ffd76300000 - 0x00007ffd76325000 	C:\WINDOWS\SYSTEM32\USERENV.dll
0x00007ffd75e50000 - 0x00007ffd75e5c000 	C:\WINDOWS\SYSTEM32\CRYPTBASE.dll
0x00007ffd6dcb0000 - 0x00007ffd6dcc6000 	C:\WINDOWS\SYSTEM32\dhcpcsvc6.DLL
0x00007ffd6eac0000 - 0x00007ffd6eadc000 	C:\WINDOWS\SYSTEM32\dhcpcsvc.DLL
0x00007ffd6de10000 - 0x00007ffd6e004000 	C:\WINDOWS\SYSTEM32\dbghelp.dll

VM Arguments:
jvm_args: -agentlib:jdwp=transport=dt_socket,suspend=y,address=localhost:52603 -Dcom.sun.management.jmxremote -Dcom.sun.management.jmxremote.port=52602 -Dcom.sun.management.jmxremote.authenticate=false -Dcom.sun.management.jmxremote.ssl=false -Djava.rmi.server.hostname=localhost -Dspring.jmx.enabled=true -Dspring.application.admin.enabled=true -Xverify:none -XX:TieredStopAtLevel=1 -Dspring.boot.project.name=BipCliente -javaagent:C:\desenv\api_rest\sts-4.6.2.RELEASE\configuration\org.eclipse.osgi\245\0\.cp\lib\javaagent-shaded.jar -Dfile.encoding=UTF-8 
java_command: com.bip.api.BipCompanyApplication --spring.output.ansi.enabled=always
java_class_path (initial): C:\desenv\api_rest\workspace-spring-boot\BipCliente\target\classes;C:\Users\cilde\.m2\repository\org\json\json\20180130\json-20180130.jar;C:\Users\cilde\.m2\repository\org\springframework\boot\spring-boot-starter-security\1.5.6.RELEASE\spring-boot-starter-security-1.5.6.RELEASE.jar;C:\Users\cilde\.m2\repository\org\springframework\boot\spring-boot-starter\1.5.6.RELEASE\spring-boot-starter-1.5.6.RELEASE.jar;C:\Users\cilde\.m2\repository\org\springframework\boot\spring-boot-starter-logging\1.5.6.RELEASE\spring-boot-starter-logging-1.5.6.RELEASE.jar;C:\Users\cilde\.m2\repository\ch\qos\logback\logback-classic\1.1.11\logback-classic-1.1.11.jar;C:\Users\cilde\.m2\repository\ch\qos\logback\logback-core\1.1.11\logback-core-1.1.11.jar;C:\Users\cilde\.m2\repository\org\slf4j\jul-to-slf4j\1.7.25\jul-to-slf4j-1.7.25.jar;C:\Users\cilde\.m2\repository\org\slf4j\log4j-over-slf4j\1.7.25\log4j-over-slf4j-1.7.25.jar;C:\Users\cilde\.m2\repository\org\yaml\snakeyaml\1.17\snakeyaml-1.17.jar;C:\Users\cilde\.m2\repository\org\springframework\spring-aop\4.3.10.RELEASE\spring-aop-4.3.10.RELEASE.jar;C:\Users\cilde\.m2\repository\org\springframework\spring-beans\4.3.10.RELEASE\spring-beans-4.3.10.RELEASE.jar;C:\Users\cilde\.m2\repository\org\springframework\security\spring-security-config\4.2.3.RELEASE\spring-security-config-4.2.3.RELEASE.jar;C:\Users\cilde\.m2\repository\org\springframework\spring-context\4.3.10.RELEASE\spring-context-4.3.10.RELEASE.jar;C:\Users\cilde\.m2\repository\org\springframework\security\spring-security-web\4.2.3.RELEASE\spring-security-web-4.2.3.RELEASE.jar;C:\Users\cilde\.m2\repository\org\springframework\spring-expression\4.3.10.RELEASE\spring-expression-4.3.10.RELEASE.jar;C:\Users\cilde\.m2\repository\org\springframework\security\spring-security-core\4.2.3.RELEASE\spring-security-core-4.2.3.RELEASE.jar;C:\Users\cilde\.m2\repository\aopalliance\aopalliance\1.0\aopalliance-1.0.jar;C:\Users\cilde\.m2\repository\org\springframework\spring
Launcher Type: SUN_STANDARD

Environment Variables:
JAVA_HOME=C:\Program Files (x86)\Java\jdk-11
PATH=C:/Program Files (x86)/Java/jre1.8.0_251/bin/server;C:/Program Files (x86)/Java/jre1.8.0_251/bin;C:/Program Files (x86)/Java/jre1.8.0_251/lib/amd64;C:\Program Files (x86)\Common Files\Oracle\Java\javapath;C:\Program Files (x86)\Intel\iCLS Client\;C:\Program Files\Intel\iCLS Client\;C:\WINDOWS\system32;C:\WINDOWS;C:\WINDOWS\System32\Wbem;C:\WINDOWS\System32\WindowsPowerShell\v1.0\;C:\Program Files (x86)\Intel\Intel(R) Management Engine Components\DAL;C:\Program Files\Intel\Intel(R) Management Engine Components\DAL;C:\Program Files (x86)\Intel\Intel(R) Management Engine Components\IPT;C:\Program Files\Intel\Intel(R) Management Engine Components\IPT;C:\WINDOWS\System32\OpenSSH\;%JAVA_HOME%\bin;C:\Program Files\nodejs\;C:\Program Files\Microsoft SQL Server\Client SDK\ODBC\170\Tools\Binn\;C:\Program Files (x86)\Microsoft SQL Server\150\Tools\Binn\;C:\Program Files\Microsoft SQL Server\150\Tools\Binn\;C:\Program Files\Microsoft SQL Server\150\DTS\Binn\;C:\Program Files (x86)\Microsoft SQL Server\150\DTS\Binn\;C:\Program Files\MongoDB\Server\4.2\bin;C:\Program Files\Git\cmd;C:\Python\Python38\Scripts\;C:\Python\Python38\;C:\Python\Python38-32\Scripts\;C:\Python\Python38-32\;C:\Users\cilde\AppData\Local\Microsoft\WindowsApps;C:\Users\cilde\AppData\Roaming\npm;C:\Program Files\MySQL\MySQL Server 8.0\bin;C:\apache-maven-3.6.3\bin;C:\Gradle\gradle-6.5.1\bin;;C:\desenv\api_rest\sts-4.6.2.RELEASE;
USERNAME=cilde
OS=Windows_NT
PROCESSOR_IDENTIFIER=Intel64 Family 6 Model 69 Stepping 1, GenuineIntel



---------------  S Y S T E M  ---------------

OS: Windows 10.0 , 64 bit Build 18362 (10.0.18362.959)

CPU:total 4 (initial active 4) (2 cores per cpu, 2 threads per core) family 6 model 69 stepping 1, cmov, cx8, fxsr, mmx, sse, sse2, sse3, ssse3, sse4.1, sse4.2, popcnt, avx, avx2, aes, clmul, erms, lzcnt, ht, tsc, tscinvbit, bmi1, bmi2

Memory: 4k page, physical 12497520k(2118440k free), swap 23944472k(3318756k free)

vm_info: Java HotSpot(TM) 64-Bit Server VM (25.251-b08) for windows-amd64 JRE (1.8.0_251-b08), built on Mar 12 2020 06:31:49 by "" with MS VC++ 10.0 (VS2010)

time: Tue Aug 04 23:12:30 2020
timezone: Hora oficial do Brasil
elapsed time: 354 seconds (0d 0h 5m 54s)

