#
# A fatal error has been detected by the Java Runtime Environment:
#
#  EXCEPTION_ACCESS_VIOLATION (0xc0000005) at pc=0x00000000640d718c, pid=24612, tid=0x000000000000428c
#
# JRE version: Java(TM) SE Runtime Environment (8.0_251-b08) (build 1.8.0_251-b08)
# Java VM: Java HotSpot(TM) 64-Bit Server VM (25.251-b08 mixed mode windows-amd64 compressed oops)
# Problematic frame:
# V  [jvm.dll+0xf718c]
#
# Failed to write core dump. Minidumps are not enabled by default on client versions of Windows
#
# If you would like to submit a bug report, please visit:
#   http://bugreport.java.com/bugreport/crash.jsp
#

---------------  T H R E A D  ---------------

Current thread (0x000000001980c800):  JavaThread "JDWP Transport Listener: dt_socket" daemon [_thread_in_vm, id=17036, stack(0x000000001b190000,0x000000001b290000)]

siginfo: ExceptionCode=0xc0000005, reading address 0x0000000000000010

Registers:
RAX=0x0000000000000000, RBX=0x000000001980a480, RCX=0x00000000000000ff, RDX=0x000000000000e490
RSP=0x000000001b28ec28, RBP=0x0000000000000030, RSI=0x0000000020f5ce38, RDI=0x0000000020f5d545
R8 =0x0000000000000000, R9 =0x0000000000000000, R10=0x000000001b28ee10, R11=0x000000001b28ed70
R12=0x0000000000000003, R13=0x000000001980c800, R14=0x00000007c02bb9a8, R15=0x0000000000000005
RIP=0x00000000640d718c, EFLAGS=0x0000000000010202

Top of Stack: (sp=0x000000001b28ec28)
0x000000001b28ec28:   00000000640a705e 0000000000000000
0x000000001b28ec38:   0000000020f5ce38 0000000019803e60
0x000000001b28ec48:   0000000019802e00 000000001b28ed70
0x000000001b28ec58:   000000001b28edb8 000000001b28ee00
0x000000001b28ec68:   0000000000000000 0000000000000000
0x000000001b28ec78:   0000000000003000 0000000000001c01
0x000000001b28ec88:   0000000000000009 0000000020f5d4e8
0x000000001b28ec98:   000000001b28ee10 00000000000000b2
0x000000001b28eca8:   0000000020f5d540 000000001b28ee10
0x000000001b28ecb8:   0000000019801830 000000001b28ee10
0x000000001b28ecc8:   000000001980c800 0000000000000001
0x000000001b28ecd8:   000000001b28ee00 0000000020f5d4e8
0x000000001b28ece8:   000000001b28ee10 0000000019803e60
0x000000001b28ecf8:   00000000640a78d9 000000001b28ee10
0x000000001b28ed08:   0000000020f5d550 000000001b28ee00
0x000000001b28ed18:   000000001b28ed70 0000000019801820 

Instructions: (pc=0x00000000640d718c)
0x00000000640d716c:   5f c3 cc cc 48 63 c2 48 8b 44 c1 50 48 89 44 24
0x00000000640d717c:   08 48 8b 44 24 08 0f b6 c8 f6 d1 f6 c1 01 74 05
0x00000000640d718c:   48 8b 40 10 c3 48 83 e0 fe c3 cc cc cc cc cc cc
0x00000000640d719c:   cc cc cc cc 48 89 54 24 10 49 63 c0 48 8b 44 c1 


Register to memory mapping:

RAX=0x0000000000000000 is an unknown value
RBX=0x000000001980a480 is an unknown value
RCX=0x00000000000000ff is an unknown value
RDX=0x000000000000e490 is an unknown value
RSP=0x000000001b28ec28 is pointing into the stack for thread: 0x000000001980c800
RBP=0x0000000000000030 is an unknown value
RSI=0x0000000020f5ce38 is pointing into metadata
RDI=0x0000000020f5d545 is pointing into metadata
R8 =0x0000000000000000 is an unknown value
R9 =0x0000000000000000 is an unknown value
R10=0x000000001b28ee10 is pointing into the stack for thread: 0x000000001980c800
R11=0x000000001b28ed70 is pointing into the stack for thread: 0x000000001980c800
R12=0x0000000000000003 is an unknown value
R13=0x000000001980c800 is a thread
R14=0x00000007c02bb9a8 is pointing into metadata
R15=0x0000000000000005 is an unknown value


Stack: [0x000000001b190000,0x000000001b290000],  sp=0x000000001b28ec28,  free space=1019k
Native frames: (J=compiled Java code, j=interpreted, Vv=VM code, C=native code)
V  [jvm.dll+0xf718c]


---------------  P R O C E S S  ---------------

Java Threads: ( => current thread )
  0x000000001fa97000 JavaThread "Tomcat JDBC Pool Cleaner[414493378:1596595181637]" daemon [_thread_blocked, id=8992, stack(0x000000001efc0000,0x000000001f0c0000)]
  0x000000001fa93800 JavaThread "localhost-startStop-1" daemon [_thread_in_vm, id=24220, stack(0x000000001ecc0000,0x000000001edc0000)]
  0x000000001fa95800 JavaThread "Tomcat-startStop-1" daemon [_thread_blocked, id=18796, stack(0x000000001dfc0000,0x000000001e0c0000)]
  0x000000001fa96800 JavaThread "restartedMain" [_thread_blocked, id=1828, stack(0x0000000002210000,0x0000000002310000)]
  0x000000001fa98800 JavaThread "Thread-7" [_thread_blocked, id=19808, stack(0x0000000000690000,0x0000000000790000)]
  0x000000001fa98000 JavaThread "DestroyJavaVM" [_thread_blocked, id=21904, stack(0x0000000002410000,0x0000000002510000)]
  0x000000001c02f800 JavaThread "Live Reload Server" daemon [_thread_in_native, id=25584, stack(0x0000000021490000,0x0000000021590000)]
  0x000000001d76b000 JavaThread "Abandoned connection cleanup thread" daemon [_thread_blocked, id=16044, stack(0x000000001f0c0000,0x000000001f1c0000)]
  0x000000001bbf3000 JavaThread "RMI TCP Accept-0" daemon [_thread_in_native, id=11732, stack(0x000000001c690000,0x000000001c790000)]
  0x000000001bb8a000 JavaThread "RMI TCP Accept-53704" daemon [_thread_in_native, id=14512, stack(0x000000001c590000,0x000000001c690000)]
  0x000000001bb7e000 JavaThread "RMI TCP Accept-0" daemon [_thread_in_native, id=11480, stack(0x000000001c490000,0x000000001c590000)]
  0x000000001b915000 JavaThread "Service Thread" daemon [_thread_blocked, id=216, stack(0x000000001c390000,0x000000001c490000)]
  0x000000001b89a000 JavaThread "C1 CompilerThread2" daemon [_thread_blocked, id=11304, stack(0x000000001c290000,0x000000001c390000)]
  0x000000001b892800 JavaThread "C2 CompilerThread1" daemon [_thread_blocked, id=20012, stack(0x000000001c190000,0x000000001c290000)]
  0x000000001b888800 JavaThread "C2 CompilerThread0" daemon [_thread_blocked, id=19784, stack(0x000000001c090000,0x000000001c190000)]
  0x0000000019812000 JavaThread "JDWP Command Reader" daemon [_thread_in_native, id=2404, stack(0x000000001b390000,0x000000001b490000)]
  0x000000001980e800 JavaThread "JDWP Event Helper Thread" daemon [_thread_blocked, id=20776, stack(0x000000001b290000,0x000000001b390000)]
=>0x000000001980c800 JavaThread "JDWP Transport Listener: dt_socket" daemon [_thread_in_vm, id=17036, stack(0x000000001b190000,0x000000001b290000)]
  0x00000000197f9000 JavaThread "Attach Listener" daemon [_thread_blocked, id=13164, stack(0x000000001ad50000,0x000000001ae50000)]
  0x00000000197f6000 JavaThread "Signal Dispatcher" daemon [_thread_blocked, id=14504, stack(0x000000001ac50000,0x000000001ad50000)]
  0x00000000197e0000 JavaThread "Finalizer" daemon [_thread_blocked, id=24616, stack(0x000000001aa40000,0x000000001ab40000)]
  0x0000000002726000 JavaThread "Reference Handler" daemon [_thread_blocked, id=10008, stack(0x000000001a940000,0x000000001aa40000)]

Other Threads:
  0x00000000197b7800 VMThread [stack: 0x000000001a840000,0x000000001a940000] [id=16984]
  0x000000001bbfd000 WatcherThread [stack: 0x000000001c790000,0x000000001c890000] [id=20244]

VM state:not at safepoint (normal execution)

VM Mutex/Monitor currently owned by a thread: None

heap address: 0x0000000701400000, size: 3052 MB, Compressed Oops mode: Zero based, Oop shift amount: 3
Narrow klass base: 0x0000000000000000, Narrow klass shift: 3
Compressed class space size: 1073741824 Address: 0x00000007c0000000

Heap:
 PSYoungGen      total 480256K, used 265853K [0x0000000780700000, 0x000000079f180000, 0x00000007c0000000)
  eden space 459264K, 57% used [0x0000000780700000,0x0000000790a9f7c0,0x000000079c780000)
  from space 20992K, 0% used [0x000000079dd00000,0x000000079dd00000,0x000000079f180000)
  to   space 21504K, 0% used [0x000000079c780000,0x000000079c780000,0x000000079dc80000)
 ParOldGen       total 136192K, used 29590K [0x0000000701400000, 0x0000000709900000, 0x0000000780700000)
  object space 136192K, 21% used [0x0000000701400000,0x00000007030e59a8,0x0000000709900000)
 Metaspace       used 49458K, capacity 50092K, committed 50648K, reserved 1093632K
  class space    used 6627K, capacity 6788K, committed 6912K, reserved 1048576K

Card table byte_map: [0x0000000011af0000,0x00000000120f0000] byte_map_base: 0x000000000e2e6000

Marking Bits: (ParMarkBitMap*) 0x000000006480af90
 Begin Bits: [0x00000000128f0000, 0x00000000158a0000)
 End Bits:   [0x00000000158a0000, 0x0000000018850000)

Polling page: 0x00000000004a0000

CodeCache: size=245760Kb used=11535Kb max_used=11535Kb free=234224Kb
 bounds [0x0000000002730000, 0x0000000003280000, 0x0000000011730000]
 total_blobs=5864 nmethods=5299 adapters=484
 compilation: enabled

Compilation events (10 events):
Event: 806.616 Thread 0x000000001b89a000 5403       1       org.springframework.beans.AbstractNestablePropertyAccessor$PropertyHandler::isWritable (5 bytes)
Event: 806.616 Thread 0x000000001b89a000 nmethod 5403 0x000000000326f150 code [0x000000000326f2a0, 0x000000000326f3b0]
Event: 806.643 Thread 0x000000001b89a000 5404   !   1       org.springframework.beans.factory.support.ConstructorResolver::createArgumentArray (642 bytes)
Event: 806.652 Thread 0x000000001b89a000 nmethod 5404 0x000000000326f410 code [0x000000000326f980, 0x0000000003271f98]
Event: 806.652 Thread 0x000000001b89a000 5405       1       org.springframework.beans.factory.support.ConstructorResolver$ArgumentsHolder::<init> (34 bytes)
Event: 806.652 Thread 0x000000001b89a000 nmethod 5405 0x0000000003276190 code [0x00000000032762e0, 0x00000000032765d0]
Event: 806.656 Thread 0x000000001b89a000 5406       1       java.util.Hashtable::keySet (29 bytes)
Event: 806.656 Thread 0x000000001b89a000 nmethod 5406 0x0000000003276690 code [0x0000000003276800, 0x0000000003276b08]
Event: 806.656 Thread 0x000000001b89a000 5407       1       java.util.Hashtable$KeySet::iterator (9 bytes)
Event: 806.657 Thread 0x000000001b89a000 nmethod 5407 0x0000000003276d90 code [0x0000000003276f00, 0x00000000032770e8]

GC Heap History (10 events):
Event: 14.149 GC heap before
{Heap before GC invocations=11 (full 2):
 PSYoungGen      total 311296K, used 16893K [0x0000000780700000, 0x000000079ad80000, 0x00000007c0000000)
  eden space 294400K, 0% used [0x0000000780700000,0x0000000780700000,0x0000000792680000)
  from space 16896K, 99% used [0x0000000792680000,0x00000007936ff638,0x0000000793700000)
  to   space 19968K, 0% used [0x0000000799a00000,0x0000000799a00000,0x000000079ad80000)
 ParOldGen       total 82432K, used 15124K [0x0000000701400000, 0x0000000706480000, 0x0000000780700000)
  object space 82432K, 18% used [0x0000000701400000,0x00000007022c51c8,0x0000000706480000)
 Metaspace       used 34764K, capacity 35204K, committed 35416K, reserved 1079296K
  class space    used 4573K, capacity 4695K, committed 4736K, reserved 1048576K
Event: 14.290 GC heap after
Heap after GC invocations=11 (full 2):
 PSYoungGen      total 311296K, used 0K [0x0000000780700000, 0x000000079ad80000, 0x00000007c0000000)
  eden space 294400K, 0% used [0x0000000780700000,0x0000000780700000,0x0000000792680000)
  from space 16896K, 0% used [0x0000000792680000,0x0000000792680000,0x0000000793700000)
  to   space 19968K, 0% used [0x0000000799a00000,0x0000000799a00000,0x000000079ad80000)
 ParOldGen       total 136192K, used 26576K [0x0000000701400000, 0x0000000709900000, 0x0000000780700000)
  object space 136192K, 19% used [0x0000000701400000,0x0000000702df4020,0x0000000709900000)
 Metaspace       used 34764K, capacity 35204K, committed 35416K, reserved 1079296K
  class space    used 4573K, capacity 4695K, committed 4736K, reserved 1048576K
}
Event: 18.956 GC heap before
{Heap before GC invocations=12 (full 2):
 PSYoungGen      total 311296K, used 294400K [0x0000000780700000, 0x000000079ad80000, 0x00000007c0000000)
  eden space 294400K, 100% used [0x0000000780700000,0x0000000792680000,0x0000000792680000)
  from space 16896K, 0% used [0x0000000792680000,0x0000000792680000,0x0000000793700000)
  to   space 19968K, 0% used [0x0000000799a00000,0x0000000799a00000,0x000000079ad80000)
 ParOldGen       total 136192K, used 26576K [0x0000000701400000, 0x0000000709900000, 0x0000000780700000)
  object space 136192K, 19% used [0x0000000701400000,0x0000000702df4020,0x0000000709900000)
 Metaspace       used 43527K, capacity 44154K, committed 44632K, reserved 1087488K
  class space    used 5770K, capacity 5920K, committed 6016K, reserved 1048576K
Event: 18.984 GC heap after
Heap after GC invocations=12 (full 2):
 PSYoungGen      total 388608K, used 14507K [0x0000000780700000, 0x000000079a880000, 0x00000007c0000000)
  eden space 373760K, 0% used [0x0000000780700000,0x0000000780700000,0x0000000797400000)
  from space 14848K, 97% used [0x0000000799a00000,0x000000079a82aff8,0x000000079a880000)
  to   space 20480K, 0% used [0x0000000798080000,0x0000000798080000,0x0000000799480000)
 ParOldGen       total 136192K, used 26584K [0x0000000701400000, 0x0000000709900000, 0x0000000780700000)
  object space 136192K, 19% used [0x0000000701400000,0x0000000702df6020,0x0000000709900000)
 Metaspace       used 43527K, capacity 44154K, committed 44632K, reserved 1087488K
  class space    used 5770K, capacity 5920K, committed 6016K, reserved 1048576K
}
Event: 421.359 GC heap before
{Heap before GC invocations=13 (full 2):
 PSYoungGen      total 388608K, used 388267K [0x0000000780700000, 0x000000079a880000, 0x00000007c0000000)
  eden space 373760K, 100% used [0x0000000780700000,0x0000000797400000,0x0000000797400000)
  from space 14848K, 97% used [0x0000000799a00000,0x000000079a82aff8,0x000000079a880000)
  to   space 20480K, 0% used [0x0000000798080000,0x0000000798080000,0x0000000799480000)
 ParOldGen       total 136192K, used 26584K [0x0000000701400000, 0x0000000709900000, 0x0000000780700000)
  object space 136192K, 19% used [0x0000000701400000,0x0000000702df6020,0x0000000709900000)
 Metaspace       used 48641K, capacity 49158K, committed 49624K, reserved 1091584K
  class space    used 6513K, capacity 6638K, committed 6656K, reserved 1048576K
Event: 421.396 GC heap after
Heap after GC invocations=13 (full 2):
 PSYoungGen      total 407040K, used 16490K [0x0000000780700000, 0x000000079f280000, 0x00000007c0000000)
  eden space 386560K, 0% used [0x0000000780700000,0x0000000780700000,0x0000000798080000)
  from space 20480K, 80% used [0x0000000798080000,0x000000079909abb0,0x0000000799480000)
  to   space 22016K, 0% used [0x000000079dd00000,0x000000079dd00000,0x000000079f280000)
 ParOldGen       total 136192K, used 26592K [0x0000000701400000, 0x0000000709900000, 0x0000000780700000)
  object space 136192K, 19% used [0x0000000701400000,0x0000000702df8020,0x0000000709900000)
 Metaspace       used 48641K, capacity 49158K, committed 49624K, reserved 1091584K
  class space    used 6513K, capacity 6638K, committed 6656K, reserved 1048576K
}
Event: 801.574 GC heap before
{Heap before GC invocations=14 (full 2):
 PSYoungGen      total 407040K, used 94216K [0x0000000780700000, 0x000000079f280000, 0x00000007c0000000)
  eden space 386560K, 20% used [0x0000000780700000,0x00000007852e7618,0x0000000798080000)
  from space 20480K, 80% used [0x0000000798080000,0x000000079909abb0,0x0000000799480000)
  to   space 22016K, 0% used [0x000000079dd00000,0x000000079dd00000,0x000000079f280000)
 ParOldGen       total 136192K, used 26592K [0x0000000701400000, 0x0000000709900000, 0x0000000780700000)
  object space 136192K, 19% used [0x0000000701400000,0x0000000702df8020,0x0000000709900000)
 Metaspace       used 49306K, capacity 49918K, committed 50520K, reserved 1093632K
  class space    used 6606K, capacity 6739K, committed 6784K, reserved 1048576K
Event: 801.634 GC heap after
Heap after GC invocations=14 (full 2):
 PSYoungGen      total 480256K, used 12441K [0x0000000780700000, 0x000000079f180000, 0x00000007c0000000)
  eden space 459264K, 0% used [0x0000000780700000,0x0000000780700000,0x000000079c780000)
  from space 20992K, 59% used [0x000000079dd00000,0x000000079e926670,0x000000079f180000)
  to   space 21504K, 0% used [0x000000079c780000,0x000000079c780000,0x000000079dc80000)
 ParOldGen       total 136192K, used 26600K [0x0000000701400000, 0x0000000709900000, 0x0000000780700000)
  object space 136192K, 19% used [0x0000000701400000,0x0000000702dfa020,0x0000000709900000)
 Metaspace       used 49306K, capacity 49918K, committed 50520K, reserved 1093632K
  class space    used 6606K, capacity 6739K, committed 6784K, reserved 1048576K
}
Event: 801.634 GC heap before
{Heap before GC invocations=15 (full 3):
 PSYoungGen      total 480256K, used 12441K [0x0000000780700000, 0x000000079f180000, 0x00000007c0000000)
  eden space 459264K, 0% used [0x0000000780700000,0x0000000780700000,0x000000079c780000)
  from space 20992K, 59% used [0x000000079dd00000,0x000000079e926670,0x000000079f180000)
  to   space 21504K, 0% used [0x000000079c780000,0x000000079c780000,0x000000079dc80000)
 ParOldGen       total 136192K, used 26600K [0x0000000701400000, 0x0000000709900000, 0x0000000780700000)
  object space 136192K, 19% used [0x0000000701400000,0x0000000702dfa020,0x0000000709900000)
 Metaspace       used 49306K, capacity 49918K, committed 50520K, reserved 1093632K
  class space    used 6606K, capacity 6739K, committed 6784K, reserved 1048576K
Event: 801.954 GC heap after
Heap after GC invocations=15 (full 3):
 PSYoungGen      total 480256K, used 0K [0x0000000780700000, 0x000000079f180000, 0x00000007c0000000)
  eden space 459264K, 0% used [0x0000000780700000,0x0000000780700000,0x000000079c780000)
  from space 20992K, 0% used [0x000000079dd00000,0x000000079dd00000,0x000000079f180000)
  to   space 21504K, 0% used [0x000000079c780000,0x000000079c780000,0x000000079dc80000)
 ParOldGen       total 136192K, used 29590K [0x0000000701400000, 0x0000000709900000, 0x0000000780700000)
  object space 136192K, 21% used [0x0000000701400000,0x00000007030e59a8,0x0000000709900000)
 Metaspace       used 49302K, capacity 49912K, committed 50520K, reserved 1093632K
  class space    used 6606K, capacity 6738K, committed 6784K, reserved 1048576K
}

Deoptimization events (0 events):
No events

Classes redefined (0 events):
No events

Internal exceptions (10 events):
Event: 806.129 Thread 0x000000001fa93800 Exception <a 'java/lang/ClassNotFoundException': com/bip/api/security/services/UsuarioServiceCustomizer> (0x000000078ecab158) thrown at [C:\jenkins\workspace\8-2-build-windows-amd64-cygwin\jdk8u251\737\hotspot\src\share\vm\classfile\systemDictionary.cpp, 
Event: 806.129 Thread 0x000000001fa93800 Exception <a 'java/lang/ArrayIndexOutOfBoundsException'> (0x000000078ecac788) thrown at [C:\jenkins\workspace\8-2-build-windows-amd64-cygwin\jdk8u251\737\hotspot\src\share\vm\runtime\sharedRuntime.cpp, line 605]
Event: 806.193 Thread 0x000000001fa93800 Exception <a 'java/lang/ArrayIndexOutOfBoundsException'> (0x000000078ef178e8) thrown at [C:\jenkins\workspace\8-2-build-windows-amd64-cygwin\jdk8u251\737\hotspot\src\share\vm\runtime\sharedRuntime.cpp, line 605]
Event: 806.264 Thread 0x000000001fa93800 Exception <a 'java/lang/ArrayIndexOutOfBoundsException'> (0x000000078f205ac0) thrown at [C:\jenkins\workspace\8-2-build-windows-amd64-cygwin\jdk8u251\737\hotspot\src\share\vm\runtime\sharedRuntime.cpp, line 605]
Event: 806.264 Thread 0x000000001fa93800 Exception <a 'java/lang/ArrayIndexOutOfBoundsException'> (0x000000078f2077a0) thrown at [C:\jenkins\workspace\8-2-build-windows-amd64-cygwin\jdk8u251\737\hotspot\src\share\vm\runtime\sharedRuntime.cpp, line 605]
Event: 806.276 Thread 0x000000001fa93800 Exception <a 'java/lang/ArrayIndexOutOfBoundsException'> (0x000000078f2a87d8) thrown at [C:\jenkins\workspace\8-2-build-windows-amd64-cygwin\jdk8u251\737\hotspot\src\share\vm\runtime\sharedRuntime.cpp, line 605]
Event: 806.277 Thread 0x000000001fa93800 Exception <a 'java/lang/ArrayIndexOutOfBoundsException'> (0x000000078f2b1b78) thrown at [C:\jenkins\workspace\8-2-build-windows-amd64-cygwin\jdk8u251\737\hotspot\src\share\vm\runtime\sharedRuntime.cpp, line 605]
Event: 806.280 Thread 0x000000001fa93800 Exception <a 'java/lang/ArrayIndexOutOfBoundsException'> (0x000000078f2daab0) thrown at [C:\jenkins\workspace\8-2-build-windows-amd64-cygwin\jdk8u251\737\hotspot\src\share\vm\runtime\sharedRuntime.cpp, line 605]
Event: 806.281 Thread 0x000000001fa93800 Exception <a 'java/lang/ArrayIndexOutOfBoundsException'> (0x000000078f2ed868) thrown at [C:\jenkins\workspace\8-2-build-windows-amd64-cygwin\jdk8u251\737\hotspot\src\share\vm\runtime\sharedRuntime.cpp, line 605]
Event: 806.602 Thread 0x000000001fa93800 Exception <a 'java/lang/ArrayIndexOutOfBoundsException'> (0x0000000790296f50) thrown at [C:\jenkins\workspace\8-2-build-windows-amd64-cygwin\jdk8u251\737\hotspot\src\share\vm\runtime\sharedRuntime.cpp, line 605]

Events (10 events):
Event: 806.707 Thread 0x000000001980c800 DEOPT PACKING pc=0x0000000002861d04 sp=0x000000001b28df00
Event: 806.707 Thread 0x000000001980c800 DEOPT UNPACKING pc=0x0000000002777890 sp=0x000000001b28dc78 mode 1
Event: 806.708 Thread 0x000000001fa93800 DEOPT PACKING pc=0x0000000002d502f4 sp=0x000000001edb80b0
Event: 806.708 Thread 0x000000001fa93800 DEOPT UNPACKING pc=0x0000000002777890 sp=0x000000001edb7e50 mode 1
Event: 806.708 Thread 0x000000001fa93800 DEOPT PACKING pc=0x0000000002e1efac sp=0x000000001edb8180
Event: 806.708 Thread 0x000000001fa93800 DEOPT UNPACKING pc=0x0000000002777890 sp=0x000000001edb7f90 mode 1
Event: 806.709 Thread 0x000000001fa93800 DEOPT PACKING pc=0x0000000002d502f4 sp=0x000000001edb80b0
Event: 806.709 Thread 0x000000001fa93800 DEOPT UNPACKING pc=0x0000000002777890 sp=0x000000001edb7e50 mode 1
Event: 806.709 Thread 0x000000001fa93800 DEOPT PACKING pc=0x0000000002e1efac sp=0x000000001edb8180
Event: 806.709 Thread 0x000000001fa93800 DEOPT UNPACKING pc=0x0000000002777890 sp=0x000000001edb7f90 mode 1


Dynamic libraries:
0x00007ff77d4a0000 - 0x00007ff77d4d7000 	C:\Program Files (x86)\Java\jre1.8.0_251\bin\javaw.exe
0x00007ffd79560000 - 0x00007ffd79750000 	C:\WINDOWS\SYSTEM32\ntdll.dll
0x00007ffd77dd0000 - 0x00007ffd77e82000 	C:\WINDOWS\System32\KERNEL32.DLL
0x00007ffd76730000 - 0x00007ffd769d4000 	C:\WINDOWS\System32\KERNELBASE.dll
0x00007ffd79020000 - 0x00007ffd790c3000 	C:\WINDOWS\System32\ADVAPI32.dll
0x00007ffd776b0000 - 0x00007ffd7774e000 	C:\WINDOWS\System32\msvcrt.dll
0x00007ffd77610000 - 0x00007ffd776a7000 	C:\WINDOWS\System32\sechost.dll
0x00007ffd792b0000 - 0x00007ffd793d0000 	C:\WINDOWS\System32\RPCRT4.dll
0x00007ffd781c0000 - 0x00007ffd78354000 	C:\WINDOWS\System32\USER32.dll
0x00007ffd76c20000 - 0x00007ffd76c41000 	C:\WINDOWS\System32\win32u.dll
0x00007ffd77da0000 - 0x00007ffd77dc6000 	C:\WINDOWS\System32\GDI32.dll
0x00007ffd76a80000 - 0x00007ffd76c16000 	C:\WINDOWS\System32\gdi32full.dll
0x00007ffd769e0000 - 0x00007ffd76a7e000 	C:\WINDOWS\System32\msvcp_win.dll
0x00007ffd76c50000 - 0x00007ffd76d4a000 	C:\WINDOWS\System32\ucrtbase.dll
0x00007ffd6c7c0000 - 0x00007ffd6ca44000 	C:\WINDOWS\WinSxS\amd64_microsoft.windows.common-controls_6595b64144ccf1df_6.0.18362.959_none_e6c7bbbf130c62bb\COMCTL32.dll
0x00007ffd77980000 - 0x00007ffd77cb5000 	C:\WINDOWS\System32\combase.dll
0x00007ffd766b0000 - 0x00007ffd76730000 	C:\WINDOWS\System32\bcryptPrimitives.dll
0x00007ffd78190000 - 0x00007ffd781be000 	C:\WINDOWS\System32\IMM32.DLL
0x0000000063f00000 - 0x0000000063fd2000 	C:\Program Files (x86)\Java\jre1.8.0_251\bin\msvcr100.dll
0x0000000063fe0000 - 0x000000006488b000 	C:\Program Files (x86)\Java\jre1.8.0_251\bin\server\jvm.dll
0x00007ffd788a0000 - 0x00007ffd788a8000 	C:\WINDOWS\System32\PSAPI.DLL
0x00007ffd70850000 - 0x00007ffd70859000 	C:\WINDOWS\SYSTEM32\WSOCK32.dll
0x00007ffd793d0000 - 0x00007ffd7943f000 	C:\WINDOWS\System32\WS2_32.dll
0x00007ffd6dbb0000 - 0x00007ffd6dbd4000 	C:\WINDOWS\SYSTEM32\WINMM.dll
0x00007ffd6ea10000 - 0x00007ffd6ea1a000 	C:\WINDOWS\SYSTEM32\VERSION.dll
0x00007ffd6d960000 - 0x00007ffd6d98d000 	C:\WINDOWS\SYSTEM32\WINMMBASE.dll
0x00007ffd775c0000 - 0x00007ffd7760a000 	C:\WINDOWS\System32\cfgmgr32.dll
0x00007ffd70840000 - 0x00007ffd7084f000 	C:\Program Files (x86)\Java\jre1.8.0_251\bin\verify.dll
0x00007ffd5c1c0000 - 0x00007ffd5c1e9000 	C:\Program Files (x86)\Java\jre1.8.0_251\bin\java.dll
0x00007ffd553b0000 - 0x00007ffd553e5000 	C:\Program Files (x86)\Java\jre1.8.0_251\bin\jdwp.dll
0x00007ffd5e3a0000 - 0x00007ffd5e3a8000 	C:\Program Files (x86)\Java\jre1.8.0_251\bin\npt.dll
0x00007ffd54fe0000 - 0x00007ffd55003000 	C:\Program Files (x86)\Java\jre1.8.0_251\bin\instrument.dll
0x00007ffd5e230000 - 0x00007ffd5e246000 	C:\Program Files (x86)\Java\jre1.8.0_251\bin\zip.dll
0x00007ffd78930000 - 0x00007ffd79016000 	C:\WINDOWS\System32\SHELL32.dll
0x00007ffd790d0000 - 0x00007ffd79179000 	C:\WINDOWS\System32\shcore.dll
0x00007ffd76d50000 - 0x00007ffd774d2000 	C:\WINDOWS\System32\windows.storage.dll
0x00007ffd76440000 - 0x00007ffd76463000 	C:\WINDOWS\System32\profapi.dll
0x00007ffd76470000 - 0x00007ffd764ba000 	C:\WINDOWS\System32\powrprof.dll
0x00007ffd76410000 - 0x00007ffd76420000 	C:\WINDOWS\System32\UMPDC.dll
0x00007ffd79440000 - 0x00007ffd79492000 	C:\WINDOWS\System32\shlwapi.dll
0x00007ffd76420000 - 0x00007ffd76431000 	C:\WINDOWS\System32\kernel.appcore.dll
0x00007ffd76540000 - 0x00007ffd76557000 	C:\WINDOWS\System32\cryptsp.dll
0x00007ffd5e390000 - 0x00007ffd5e399000 	C:\Program Files (x86)\Java\jre1.8.0_251\bin\dt_socket.dll
0x00007ffd6a1c0000 - 0x00007ffd6a1d6000 	C:\WINDOWS\system32\napinsp.dll
0x00007ffd6a140000 - 0x00007ffd6a15a000 	C:\WINDOWS\system32\pnrpnsp.dll
0x00007ffd72580000 - 0x00007ffd72595000 	C:\WINDOWS\system32\wshbth.dll
0x00007ffd70d80000 - 0x00007ffd70d9c000 	C:\WINDOWS\system32\NLAapi.dll
0x00007ffd75930000 - 0x00007ffd7596a000 	C:\WINDOWS\SYSTEM32\IPHLPAPI.DLL
0x00007ffd75c20000 - 0x00007ffd75c87000 	C:\WINDOWS\System32\mswsock.dll
0x00007ffd759c0000 - 0x00007ffd75a8b000 	C:\WINDOWS\SYSTEM32\DNSAPI.dll
0x00007ffd77cc0000 - 0x00007ffd77cc8000 	C:\WINDOWS\System32\NSI.dll
0x00007ffd6a130000 - 0x00007ffd6a13e000 	C:\WINDOWS\System32\winrnr.dll
0x0000000065000000 - 0x0000000065035000 	C:\Program Files\Bonjour\mdnsNSP.dll
0x00007ffd6d270000 - 0x00007ffd6d2e7000 	C:\WINDOWS\System32\fwpuclnt.dll
0x00007ffd774e0000 - 0x00007ffd77506000 	C:\WINDOWS\System32\bcrypt.dll
0x00007ffd6cd40000 - 0x00007ffd6cd4a000 	C:\Windows\System32\rasadhlp.dll
0x00007ffd5e0d0000 - 0x00007ffd5e0dd000 	C:\Program Files (x86)\Java\jre1.8.0_251\bin\management.dll
0x00007ffd5e050000 - 0x00007ffd5e06a000 	C:\Program Files (x86)\Java\jre1.8.0_251\bin\net.dll
0x00007ffd5c2f0000 - 0x00007ffd5c302000 	C:\Program Files (x86)\Java\jre1.8.0_251\bin\nio.dll
0x00007ffd75790000 - 0x00007ffd757c3000 	C:\WINDOWS\system32\rsaenh.dll
0x00007ffd76300000 - 0x00007ffd76325000 	C:\WINDOWS\SYSTEM32\USERENV.dll
0x00007ffd75e50000 - 0x00007ffd75e5c000 	C:\WINDOWS\SYSTEM32\CRYPTBASE.dll
0x00007ffd6dcb0000 - 0x00007ffd6dcc6000 	C:\WINDOWS\SYSTEM32\dhcpcsvc6.DLL
0x00007ffd6eac0000 - 0x00007ffd6eadc000 	C:\WINDOWS\SYSTEM32\dhcpcsvc.DLL
0x00007ffd6de10000 - 0x00007ffd6e004000 	C:\WINDOWS\SYSTEM32\dbghelp.dll

VM Arguments:
jvm_args: -agentlib:jdwp=transport=dt_socket,suspend=y,address=localhost:53705 -Dcom.sun.management.jmxremote -Dcom.sun.management.jmxremote.port=53704 -Dcom.sun.management.jmxremote.authenticate=false -Dcom.sun.management.jmxremote.ssl=false -Djava.rmi.server.hostname=localhost -Dspring.jmx.enabled=true -Dspring.application.admin.enabled=true -Xverify:none -XX:TieredStopAtLevel=1 -Dspring.boot.project.name=BipCliente -javaagent:C:\desenv\api_rest\sts-4.6.2.RELEASE\configuration\org.eclipse.osgi\245\0\.cp\lib\javaagent-shaded.jar -Dfile.encoding=UTF-8 
java_command: com.bip.api.BipCompanyApplication --spring.output.ansi.enabled=always
java_class_path (initial): C:\desenv\api_rest\workspace-spring-boot\BipCliente\target\classes;C:\Users\cilde\.m2\repository\org\json\json\20180130\json-20180130.jar;C:\Users\cilde\.m2\repository\org\springframework\boot\spring-boot-starter-security\1.5.6.RELEASE\spring-boot-starter-security-1.5.6.RELEASE.jar;C:\Users\cilde\.m2\repository\org\springframework\boot\spring-boot-starter\1.5.6.RELEASE\spring-boot-starter-1.5.6.RELEASE.jar;C:\Users\cilde\.m2\repository\org\springframework\boot\spring-boot-starter-logging\1.5.6.RELEASE\spring-boot-starter-logging-1.5.6.RELEASE.jar;C:\Users\cilde\.m2\repository\ch\qos\logback\logback-classic\1.1.11\logback-classic-1.1.11.jar;C:\Users\cilde\.m2\repository\ch\qos\logback\logback-core\1.1.11\logback-core-1.1.11.jar;C:\Users\cilde\.m2\repository\org\slf4j\jul-to-slf4j\1.7.25\jul-to-slf4j-1.7.25.jar;C:\Users\cilde\.m2\repository\org\slf4j\log4j-over-slf4j\1.7.25\log4j-over-slf4j-1.7.25.jar;C:\Users\cilde\.m2\repository\org\yaml\snakeyaml\1.17\snakeyaml-1.17.jar;C:\Users\cilde\.m2\repository\org\springframework\spring-aop\4.3.10.RELEASE\spring-aop-4.3.10.RELEASE.jar;C:\Users\cilde\.m2\repository\org\springframework\spring-beans\4.3.10.RELEASE\spring-beans-4.3.10.RELEASE.jar;C:\Users\cilde\.m2\repository\org\springframework\security\spring-security-config\4.2.3.RELEASE\spring-security-config-4.2.3.RELEASE.jar;C:\Users\cilde\.m2\repository\org\springframework\spring-context\4.3.10.RELEASE\spring-context-4.3.10.RELEASE.jar;C:\Users\cilde\.m2\repository\org\springframework\security\spring-security-web\4.2.3.RELEASE\spring-security-web-4.2.3.RELEASE.jar;C:\Users\cilde\.m2\repository\org\springframework\spring-expression\4.3.10.RELEASE\spring-expression-4.3.10.RELEASE.jar;C:\Users\cilde\.m2\repository\org\springframework\security\spring-security-core\4.2.3.RELEASE\spring-security-core-4.2.3.RELEASE.jar;C:\Users\cilde\.m2\repository\aopalliance\aopalliance\1.0\aopalliance-1.0.jar;C:\Users\cilde\.m2\repository\org\springframework\spring
Launcher Type: SUN_STANDARD

Environment Variables:
JAVA_HOME=C:\Program Files (x86)\Java\jdk-11
PATH=C:/Program Files (x86)/Java/jre1.8.0_251/bin/server;C:/Program Files (x86)/Java/jre1.8.0_251/bin;C:/Program Files (x86)/Java/jre1.8.0_251/lib/amd64;C:\Program Files (x86)\Common Files\Oracle\Java\javapath;C:\Program Files (x86)\Intel\iCLS Client\;C:\Program Files\Intel\iCLS Client\;C:\WINDOWS\system32;C:\WINDOWS;C:\WINDOWS\System32\Wbem;C:\WINDOWS\System32\WindowsPowerShell\v1.0\;C:\Program Files (x86)\Intel\Intel(R) Management Engine Components\DAL;C:\Program Files\Intel\Intel(R) Management Engine Components\DAL;C:\Program Files (x86)\Intel\Intel(R) Management Engine Components\IPT;C:\Program Files\Intel\Intel(R) Management Engine Components\IPT;C:\WINDOWS\System32\OpenSSH\;%JAVA_HOME%\bin;C:\Program Files\nodejs\;C:\Program Files\Microsoft SQL Server\Client SDK\ODBC\170\Tools\Binn\;C:\Program Files (x86)\Microsoft SQL Server\150\Tools\Binn\;C:\Program Files\Microsoft SQL Server\150\Tools\Binn\;C:\Program Files\Microsoft SQL Server\150\DTS\Binn\;C:\Program Files (x86)\Microsoft SQL Server\150\DTS\Binn\;C:\Program Files\MongoDB\Server\4.2\bin;C:\Program Files\Git\cmd;C:\Python\Python38\Scripts\;C:\Python\Python38\;C:\Python\Python38-32\Scripts\;C:\Python\Python38-32\;C:\Users\cilde\AppData\Local\Microsoft\WindowsApps;C:\Users\cilde\AppData\Roaming\npm;C:\Program Files\MySQL\MySQL Server 8.0\bin;C:\apache-maven-3.6.3\bin;C:\Gradle\gradle-6.5.1\bin;;C:\desenv\api_rest\sts-4.6.2.RELEASE;
USERNAME=cilde
OS=Windows_NT
PROCESSOR_IDENTIFIER=Intel64 Family 6 Model 69 Stepping 1, GenuineIntel



---------------  S Y S T E M  ---------------

OS: Windows 10.0 , 64 bit Build 18362 (10.0.18362.959)

CPU:total 4 (initial active 4) (2 cores per cpu, 2 threads per core) family 6 model 69 stepping 1, cmov, cx8, fxsr, mmx, sse, sse2, sse3, ssse3, sse4.1, sse4.2, popcnt, avx, avx2, aes, clmul, erms, lzcnt, ht, tsc, tscinvbit, bmi1, bmi2

Memory: 4k page, physical 12497520k(2027784k free), swap 23944472k(3247004k free)

vm_info: Java HotSpot(TM) 64-Bit Server VM (25.251-b08) for windows-amd64 JRE (1.8.0_251-b08), built on Mar 12 2020 06:31:49 by "" with MS VC++ 10.0 (VS2010)

time: Tue Aug 04 23:39:41 2020
timezone: Hora oficial do Brasil
elapsed time: 806 seconds (0d 0h 13m 26s)

